c:\users\bidoumyouou\documents\ねるねるねるねquick\バックアップ\ねるねるねるねquick\微動明王プロジェクトver2\0225proj\debug\vc140.pdb
c:\users\bidoumyouou\documents\ねるねるねるねquick\バックアップ\ねるねるねるねquick\微動明王プロジェクトver2\0225proj\debug\vc140.idb
c:\users\bidoumyouou\documents\ねるねるねるねquick\バックアップ\ねるねるねるねquick\微動明王プロジェクトver2\0225proj\debug\gamearchive.obj
c:\users\bidoumyouou\documents\ねるねるねるねquick\バックアップ\ねるねるねるねquick\微動明王プロジェクトver2\0225proj\debug\gamemgr.obj
c:\users\bidoumyouou\documents\ねるねるねるねquick\バックアップ\ねるねるねるねquick\微動明王プロジェクトver2\0225proj\debug\gamemgr_class.obj
c:\users\bidoumyouou\documents\ねるねるねるねquick\バックアップ\ねるねるねるねquick\微動明王プロジェクトver2\0225proj\debug\gv.obj
c:\users\bidoumyouou\documents\ねるねるねるねquick\バックアップ\ねるねるねるねquick\微動明王プロジェクトver2\0225proj\debug\item.obj
c:\users\bidoumyouou\documents\ねるねるねるねquick\バックアップ\ねるねるねるねquick\微動明王プロジェクトver2\0225proj\debug\key.obj
c:\users\bidoumyouou\documents\ねるねるねるねquick\バックアップ\ねるねるねるねquick\微動明王プロジェクトver2\0225proj\debug\list.obj
c:\users\bidoumyouou\documents\ねるねるねるねquick\バックアップ\ねるねるねるねquick\微動明王プロジェクトver2\0225proj\debug\main.obj
c:\users\bidoumyouou\documents\ねるねるねるねquick\バックアップ\ねるねるねるねquick\微動明王プロジェクトver2\0225proj\debug\objectbase.obj
c:\users\bidoumyouou\documents\ねるねるねるねquick\バックアップ\ねるねるねるねquick\微動明王プロジェクトver2\0225proj\debug\phadeout.obj
c:\users\bidoumyouou\documents\ねるねるねるねquick\バックアップ\ねるねるねるねquick\微動明王プロジェクトver2\0225proj\debug\player.obj
c:\users\bidoumyouou\documents\ねるねるねるねquick\バックアップ\ねるねるねるねquick\微動明王プロジェクトver2\0225proj\debug\resource.obj
c:\users\bidoumyouou\documents\ねるねるねるねquick\バックアップ\ねるねるねるねquick\微動明王プロジェクトver2\0225proj\debug\result.obj
c:\users\bidoumyouou\documents\ねるねるねるねquick\バックアップ\ねるねるねるねquick\微動明王プロジェクトver2\0225proj\debug\spot.obj
c:\users\bidoumyouou\documents\ねるねるねるねquick\バックアップ\ねるねるねるねquick\微動明王プロジェクトver2\0225proj\debug\state.obj
c:\users\bidoumyouou\documents\ねるねるねるねquick\バックアップ\ねるねるねるねquick\微動明王プロジェクトver2\0225proj\debug\statebase.obj
c:\users\bidoumyouou\documents\ねるねるねるねquick\バックアップ\ねるねるねるねquick\微動明王プロジェクトver2\0225proj\debug\stone.obj
c:\users\bidoumyouou\documents\ねるねるねるねquick\バックアップ\ねるねるねるねquick\微動明王プロジェクトver2\0225proj\debug\test.obj
c:\users\bidoumyouou\documents\ねるねるねるねquick\バックアップ\ねるねるねるねquick\微動明王プロジェクトver2\0225proj\debug\test1.obj
c:\users\bidoumyouou\documents\ねるねるねるねquick\バックアップ\ねるねるねるねquick\微動明王プロジェクトver2\0225proj\debug\title.obj
c:\users\bidoumyouou\documents\ねるねるねるねquick\バックアップ\ねるねるねるねquick\微動明王プロジェクトver2\0225proj\debug\cbase.obj
c:\users\bidoumyouou\documents\ねるねるねるねquick\バックアップ\ねるねるねるねquick\微動明王プロジェクトver2\0225proj\debug\class.obj
c:\users\bidoumyouou\documents\ねるねるねるねquick\バックアップ\ねるねるねるねquick\微動明王プロジェクトver2\0225proj\debug\commonclass.obj
c:\users\bidoumyouou\documents\ねるねるねるねquick\バックアップ\ねるねるねるねquick\微動明王プロジェクトver2\0225proj\debug\couple_killer.obj
c:\users\bidoumyouou\documents\ねるねるねるねquick\バックアップ\ねるねるねるねquick\微動明王プロジェクトver2\0225proj\debug\cursol.obj
c:\users\bidoumyouou\documents\ねるねるねるねquick\バックアップ\ねるねるねるねquick\微動明王プロジェクトver2\0225proj\debug\belt.obj
c:\users\bidoumyouou\documents\ねるねるねるねquick\バックアップ\ねるねるねるねquick\微動明王プロジェクトver2\0225proj\debug\spotbehave.obj
c:\users\bidoumyouou\documents\ねるねるねるねquick\バックアップ\ねるねるねるねquick\微動明王プロジェクトver2\0225proj\debug\pot.obj
c:\users\bidoumyouou\documents\ねるねるねるねquick\バックアップ\ねるねるねるねquick\微動明王プロジェクトver2\0225proj\debug\pod.obj
c:\users\bidoumyouou\documents\ねるねるねるねquick\バックアップ\ねるねるねるねquick\微動明王プロジェクトver2\0225proj\debug\customer.obj
c:\users\bidoumyouou\documents\ねるねるねるねquick\バックアップ\ねるねるねるねquick\微動明王プロジェクトver2\0225proj\debug\source.obj
c:\users\bidoumyouou\documents\ねるねるねるねquick\バックアップ\ねるねるねるねquick\微動明王プロジェクトver2\0225proj\debug\itemlist.obj
c:\users\bidoumyouou\documents\ねるねるねるねquick\バックアップ\ねるねるねるねquick\微動明王プロジェクトver2\debug\0225proj.ilk
c:\users\bidoumyouou\documents\ねるねるねるねquick\バックアップ\ねるねるねるねquick\微動明王プロジェクトver2\debug\0225proj.exe
c:\users\bidoumyouou\documents\ねるねるねるねquick\バックアップ\ねるねるねるねquick\微動明王プロジェクトver2\debug\0225proj.pdb
c:\users\bidoumyouou\documents\ねるねるねるねquick\バックアップ\ねるねるねるねquick\微動明王プロジェクトver2\0225proj\debug\0225proj.tlog\cl.command.1.tlog
c:\users\bidoumyouou\documents\ねるねるねるねquick\バックアップ\ねるねるねるねquick\微動明王プロジェクトver2\0225proj\debug\0225proj.tlog\cl.read.1.tlog
c:\users\bidoumyouou\documents\ねるねるねるねquick\バックアップ\ねるねるねるねquick\微動明王プロジェクトver2\0225proj\debug\0225proj.tlog\cl.write.1.tlog
c:\users\bidoumyouou\documents\ねるねるねるねquick\バックアップ\ねるねるねるねquick\微動明王プロジェクトver2\0225proj\debug\0225proj.tlog\link.command.1.tlog
c:\users\bidoumyouou\documents\ねるねるねるねquick\バックアップ\ねるねるねるねquick\微動明王プロジェクトver2\0225proj\debug\0225proj.tlog\link.read.1.tlog
c:\users\bidoumyouou\documents\ねるねるねるねquick\バックアップ\ねるねるねるねquick\微動明王プロジェクトver2\0225proj\debug\0225proj.tlog\link.write.1.tlog
